mode: set
cipher/simple_cipher.go:22.25,24.2 1 1
cipher/simple_cipher.go:26.36,27.39 1 1
cipher/simple_cipher.go:27.39,29.3 1 1
cipher/simple_cipher.go:29.8,29.44 1 1
cipher/simple_cipher.go:29.44,31.3 1 1
cipher/simple_cipher.go:31.8,33.3 1 1
cipher/simple_cipher.go:36.44,38.38 2 1
cipher/simple_cipher.go:38.38,39.27 1 1
cipher/simple_cipher.go:39.27,41.15 2 1
cipher/simple_cipher.go:41.15,43.5 1 1
cipher/simple_cipher.go:45.3,45.23 1 1
cipher/simple_cipher.go:47.2,47.16 1 1
cipher/simple_cipher.go:50.44,52.38 2 1
cipher/simple_cipher.go:52.38,53.27 1 1
cipher/simple_cipher.go:53.27,55.15 2 1
cipher/simple_cipher.go:55.15,57.5 1 1
cipher/simple_cipher.go:59.3,59.23 1 1
cipher/simple_cipher.go:61.2,61.16 1 1
cipher/simple_cipher.go:64.37,65.20 1 1
cipher/simple_cipher.go:65.20,67.3 1 1
cipher/simple_cipher.go:68.2,68.27 1 1
cipher/simple_cipher.go:71.47,73.38 2 1
cipher/simple_cipher.go:73.38,74.27 1 1
cipher/simple_cipher.go:74.27,77.15 3 1
cipher/simple_cipher.go:77.15,79.5 1 1
cipher/simple_cipher.go:81.3,81.23 1 1
cipher/simple_cipher.go:83.2,83.16 1 1
cipher/simple_cipher.go:86.47,88.38 2 1
cipher/simple_cipher.go:88.38,89.27 1 1
cipher/simple_cipher.go:89.27,92.15 3 1
cipher/simple_cipher.go:92.15,94.5 1 1
cipher/simple_cipher.go:96.3,96.23 1 1
cipher/simple_cipher.go:98.2,98.16 1 1
cipher/simple_cipher.go:101.38,103.39 1 1
cipher/simple_cipher.go:103.39,104.26 1 1
cipher/simple_cipher.go:104.26,106.4 1 1
cipher/simple_cipher.go:107.3,107.12 1 1
cipher/simple_cipher.go:111.34,112.46 1 1
cipher/simple_cipher.go:112.46,114.3 1 1
cipher/simple_cipher.go:115.2,115.26 1 1
cipher/simple_cipher.go:115.26,116.26 1 1
cipher/simple_cipher.go:116.26,118.4 1 1
cipher/simple_cipher.go:120.2,120.13 1 1
